# JRE version: Java(TM) SE Runtime Environment (15.0.2+7) (build 15.0.2+7-27)
# Java VM: Java HotSpot(TM) 64-Bit Server VM (15.0.2+7-27, mixed mode, sharing, tiered, compressed oops, g1 gc, windows-amd64)
GC Precious Log:
 CPUs: 4 total, 4 available
 Memory: 3962M
 Large Page Support: Disabled
 NUMA Support: Disabled
 Compressed Oops: Enabled (32-bit)
 Heap Region Size: 1M
 Heap Min Capacity: 8M
 Heap Initial Capacity: 8M
 Heap Max Capacity: 992M
 Pre-touch: Disabled
 Parallel Workers: 4
 Concurrent Workers: 1
 Concurrent Refinement Workers: 4
 Periodic GC: Disabled
Heap:
 garbage-first heap   total 24576K, used 8089K [0x00000000c2000000, 0x0000000100000000)
  region size 1024K, 3 young (3072K), 2 survivors (2048K)
 Metaspace       used 9294K, capacity 11866K, committed 12160K, reserved 1060864K
  class space    used 1087K, capacity 1335K, committed 1408K, reserved 1048576K
GC Heap History (20 events):
Event: 0.404 GC heap before
{Heap before GC invocations=3 (full 0):
 garbage-first heap   total 8192K, used 3027K [0x00000000c2000000, 0x0000000100000000)
  region size 1024K, 2 young (2048K), 1 survivors (1024K)
 Metaspace       used 7230K, capacity 10438K, committed 10752K, reserved 1058816K
  class space    used 869K, capacity 1158K, committed 1280K, reserved 1048576K
}
Event: 0.406 GC heap after
{Heap after GC invocations=4 (full 0):
 garbage-first heap   total 8192K, used 2331K [0x00000000c2000000, 0x0000000100000000)
  region size 1024K, 1 young (1024K), 1 survivors (1024K)
 Metaspace       used 7230K, capacity 10438K, committed 10752K, reserved 1058816K
  class space    used 869K, capacity 1158K, committed 1280K, reserved 1048576K
}
Event: 0.448 GC heap before
{Heap before GC invocations=4 (full 0):
 garbage-first heap   total 8192K, used 3355K [0x00000000c2000000, 0x0000000100000000)
  region size 1024K, 2 young (2048K), 1 survivors (1024K)
 Metaspace       used 7834K, capacity 10857K, committed 11008K, reserved 1058816K
  class space    used 911K, capacity 1191K, committed 1280K, reserved 1048576K
}
Event: 0.450 GC heap after
{Heap after GC invocations=5 (full 0):
 garbage-first heap   total 10240K, used 2586K [0x00000000c2000000, 0x0000000100000000)
  region size 1024K, 1 young (1024K), 1 survivors (1024K)
 Metaspace       used 7834K, capacity 10857K, committed 11008K, reserved 1058816K
  class space    used 911K, capacity 1191K, committed 1280K, reserved 1048576K
}
Event: 0.504 GC heap before
{Heap before GC invocations=5 (full 0):
 garbage-first heap   total 10240K, used 4634K [0x00000000c2000000, 0x0000000100000000)
  region size 1024K, 3 young (3072K), 1 survivors (1024K)
 Metaspace       used 8149K, capacity 11099K, committed 11264K, reserved 1058816K
  class space    used 958K, capacity 1229K, committed 1280K, reserved 1048576K
}
Event: 0.508 GC heap after
{Heap after GC invocations=6 (full 0):
 garbage-first heap   total 10240K, used 3355K [0x00000000c2000000, 0x0000000100000000)
  region size 1024K, 1 young (1024K), 1 survivors (1024K)
 Metaspace       used 8149K, capacity 11099K, committed 11264K, reserved 1058816K
  class space    used 958K, capacity 1229K, committed 1280K, reserved 1048576K
}
Event: 0.522 GC heap before
{Heap before GC invocations=6 (full 0):
 garbage-first heap   total 10240K, used 5403K [0x00000000c2000000, 0x0000000100000000)
  region size 1024K, 3 young (3072K), 1 survivors (1024K)
 Metaspace       used 8181K, capacity 11099K, committed 11264K, reserved 1058816K
  class space    used 958K, capacity 1229K, committed 1280K, reserved 1048576K
}
Event: 0.525 GC heap after
{Heap after GC invocations=7 (full 0):
 garbage-first heap   total 10240K, used 3799K [0x00000000c2000000, 0x0000000100000000)
  region size 1024K, 1 young (1024K), 1 survivors (1024K)
 Metaspace       used 8181K, capacity 11099K, committed 11264K, reserved 1058816K
  class space    used 958K, capacity 1229K, committed 1280K, reserved 1048576K
}
Event: 0.557 GC heap before
{Heap before GC invocations=7 (full 0):
 garbage-first heap   total 10240K, used 4823K [0x00000000c2000000, 0x0000000100000000)
  region size 1024K, 2 young (2048K), 1 survivors (1024K)
 Metaspace       used 8278K, capacity 11102K, committed 11264K, reserved 1058816K
  class space    used 965K, capacity 1230K, committed 1280K, reserved 1048576K
}
Event: 0.559 GC heap after
{Heap after GC invocations=8 (full 0):
 garbage-first heap   total 10240K, used 3790K [0x00000000c2000000, 0x0000000100000000)
  region size 1024K, 1 young (1024K), 1 survivors (1024K)
 Metaspace       used 8278K, capacity 11102K, committed 11264K, reserved 1058816K
  class space    used 965K, capacity 1230K, committed 1280K, reserved 1048576K
}
Event: 0.571 GC heap before
{Heap before GC invocations=8 (full 0):
 garbage-first heap   total 10240K, used 5838K [0x00000000c2000000, 0x0000000100000000)
  region size 1024K, 3 young (3072K), 1 survivors (1024K)
 Metaspace       used 8305K, capacity 11102K, committed 11264K, reserved 1058816K
  class space    used 965K, capacity 1230K, committed 1280K, reserved 1048576K
}
Event: 0.573 GC heap after
{Heap after GC invocations=9 (full 0):
 garbage-first heap   total 14336K, used 4138K [0x00000000c2000000, 0x0000000100000000)
  region size 1024K, 1 young (1024K), 1 survivors (1024K)
 Metaspace       used 8305K, capacity 11102K, committed 11264K, reserved 1058816K
  class space    used 965K, capacity 1230K, committed 1280K, reserved 1048576K
}
Event: 0.664 GC heap before
{Heap before GC invocations=9 (full 0):
 garbage-first heap   total 14336K, used 7210K [0x00000000c2000000, 0x0000000100000000)
  region size 1024K, 4 young (4096K), 1 survivors (1024K)
 Metaspace       used 8330K, capacity 11166K, committed 11264K, reserved 1058816K
  class space    used 965K, capacity 1230K, committed 1280K, reserved 1048576K
}
Event: 0.667 GC heap after
{Heap after GC invocations=10 (full 0):
 garbage-first heap   total 14336K, used 4416K [0x00000000c2000000, 0x0000000100000000)
  region size 1024K, 1 young (1024K), 1 survivors (1024K)
 Metaspace       used 8330K, capacity 11166K, committed 11264K, reserved 1058816K
  class space    used 965K, capacity 1230K, committed 1280K, reserved 1048576K
}
Event: 0.688 GC heap before
{Heap before GC invocations=10 (full 0):
 garbage-first heap   total 14336K, used 8512K [0x00000000c2000000, 0x0000000100000000)
  region size 1024K, 5 young (5120K), 1 survivors (1024K)
 Metaspace       used 8330K, capacity 11166K, committed 11264K, reserved 1058816K
  class space    used 965K, capacity 1230K, committed 1280K, reserved 1048576K
}
Event: 0.691 GC heap after
{Heap after GC invocations=11 (full 0):
 garbage-first heap   total 14336K, used 4880K [0x00000000c2000000, 0x0000000100000000)
  region size 1024K, 1 young (1024K), 1 survivors (1024K)
 Metaspace       used 8330K, capacity 11166K, committed 11264K, reserved 1058816K
  class space    used 965K, capacity 1230K, committed 1280K, reserved 1048576K
}
Event: 0.717 GC heap before
{Heap before GC invocations=11 (full 0):
 garbage-first heap   total 14336K, used 8976K [0x00000000c2000000, 0x0000000100000000)
  region size 1024K, 5 young (5120K), 1 survivors (1024K)
 Metaspace       used 8336K, capacity 11166K, committed 11264K, reserved 1058816K
  class space    used 965K, capacity 1230K, committed 1280K, reserved 1048576K
}
Event: 0.721 GC heap after
{Heap after GC invocations=12 (full 0):
 garbage-first heap   total 14336K, used 5422K [0x00000000c2000000, 0x0000000100000000)
  region size 1024K, 1 young (1024K), 1 survivors (1024K)
 Metaspace       used 8336K, capacity 11166K, committed 11264K, reserved 1058816K
  class space    used 965K, capacity 1230K, committed 1280K, reserved 1048576K
}
Event: 0.779 GC heap before
{Heap before GC invocations=12 (full 0):
 garbage-first heap   total 14336K, used 8494K [0x00000000c2000000, 0x0000000100000000)
  region size 1024K, 4 young (4096K), 1 survivors (1024K)
 Metaspace       used 8574K, capacity 11335K, committed 11520K, reserved 1058816K
  class space    used 991K, capacity 1265K, committed 1280K, reserved 1048576K
}
Event: 0.783 GC heap after
{Heap after GC invocations=13 (full 0):
 garbage-first heap   total 24576K, used 6435K [0x00000000c2000000, 0x0000000100000000)
  region size 1024K, 1 young (1024K), 1 survivors (1024K)
 Metaspace       used 8574K, capacity 11335K, committed 11520K, reserved 1058816K
  class space    used 991K, capacity 1265K, committed 1280K, reserved 1048576K
}

