# JRE version: Java(TM) SE Runtime Environment (15.0.2+7) (build 15.0.2+7-27)
# Java VM: Java HotSpot(TM) 64-Bit Server VM (15.0.2+7-27, mixed mode, sharing, tiered, compressed oops, g1 gc, windows-amd64)
GC Precious Log:
 CPUs: 4 total, 4 available
 Memory: 3962M
 Large Page Support: Disabled
 NUMA Support: Disabled
 Compressed Oops: Enabled (32-bit)
 Heap Region Size: 1M
 Heap Min Capacity: 8M
 Heap Initial Capacity: 8M
 Heap Max Capacity: 992M
 Pre-touch: Disabled
 Parallel Workers: 4
 Concurrent Workers: 1
 Concurrent Refinement Workers: 4
 Periodic GC: Disabled
Heap:
 garbage-first heap   total 23552K, used 13471K [0x00000000c2000000, 0x0000000100000000)
  region size 1024K, 9 young (9216K), 1 survivors (1024K)
 Metaspace       used 9278K, capacity 11866K, committed 12160K, reserved 1060864K
  class space    used 1087K, capacity 1335K, committed 1408K, reserved 1048576K
GC Heap History (20 events):
Event: 0.396 GC heap before
{Heap before GC invocations=3 (full 0):
 garbage-first heap   total 8192K, used 2974K [0x00000000c2000000, 0x0000000100000000)
  region size 1024K, 2 young (2048K), 1 survivors (1024K)
 Metaspace       used 7235K, capacity 10438K, committed 10752K, reserved 1058816K
  class space    used 869K, capacity 1158K, committed 1280K, reserved 1048576K
}
Event: 0.398 GC heap after
{Heap after GC invocations=4 (full 0):
 garbage-first heap   total 8192K, used 2321K [0x00000000c2000000, 0x0000000100000000)
  region size 1024K, 1 young (1024K), 1 survivors (1024K)
 Metaspace       used 7235K, capacity 10438K, committed 10752K, reserved 1058816K
  class space    used 869K, capacity 1158K, committed 1280K, reserved 1048576K
}
Event: 0.440 GC heap before
{Heap before GC invocations=4 (full 0):
 garbage-first heap   total 8192K, used 3345K [0x00000000c2000000, 0x0000000100000000)
  region size 1024K, 2 young (2048K), 1 survivors (1024K)
 Metaspace       used 7861K, capacity 10918K, committed 11008K, reserved 1058816K
  class space    used 911K, capacity 1190K, committed 1280K, reserved 1048576K
}
Event: 0.443 GC heap after
{Heap after GC invocations=5 (full 0):
 garbage-first heap   total 10240K, used 2559K [0x00000000c2000000, 0x0000000100000000)
  region size 1024K, 1 young (1024K), 1 survivors (1024K)
 Metaspace       used 7861K, capacity 10918K, committed 11008K, reserved 1058816K
  class space    used 911K, capacity 1190K, committed 1280K, reserved 1048576K
}
Event: 0.507 GC heap before
{Heap before GC invocations=5 (full 0):
 garbage-first heap   total 10240K, used 4607K [0x00000000c2000000, 0x0000000100000000)
  region size 1024K, 3 young (3072K), 1 survivors (1024K)
 Metaspace       used 8185K, capacity 11099K, committed 11264K, reserved 1058816K
  class space    used 959K, capacity 1229K, committed 1280K, reserved 1048576K
}
Event: 0.510 GC heap after
{Heap after GC invocations=6 (full 0):
 garbage-first heap   total 10240K, used 3364K [0x00000000c2000000, 0x0000000100000000)
  region size 1024K, 1 young (1024K), 1 survivors (1024K)
 Metaspace       used 8185K, capacity 11099K, committed 11264K, reserved 1058816K
  class space    used 959K, capacity 1229K, committed 1280K, reserved 1048576K
}
Event: 0.524 GC heap before
{Heap before GC invocations=6 (full 0):
 garbage-first heap   total 10240K, used 5412K [0x00000000c2000000, 0x0000000100000000)
  region size 1024K, 3 young (3072K), 1 survivors (1024K)
 Metaspace       used 8215K, capacity 11099K, committed 11264K, reserved 1058816K
  class space    used 959K, capacity 1229K, committed 1280K, reserved 1048576K
}
Event: 0.527 GC heap after
{Heap after GC invocations=7 (full 0):
 garbage-first heap   total 10240K, used 3722K [0x00000000c2000000, 0x0000000100000000)
  region size 1024K, 1 young (1024K), 1 survivors (1024K)
 Metaspace       used 8215K, capacity 11099K, committed 11264K, reserved 1058816K
  class space    used 959K, capacity 1229K, committed 1280K, reserved 1048576K
}
Event: 0.554 GC heap before
{Heap before GC invocations=7 (full 0):
 garbage-first heap   total 10240K, used 4746K [0x00000000c2000000, 0x0000000100000000)
  region size 1024K, 2 young (2048K), 1 survivors (1024K)
 Metaspace       used 8311K, capacity 11166K, committed 11264K, reserved 1058816K
  class space    used 966K, capacity 1230K, committed 1280K, reserved 1048576K
}
Event: 0.555 GC heap after
{Heap after GC invocations=8 (full 0):
 garbage-first heap   total 10240K, used 3800K [0x00000000c2000000, 0x0000000100000000)
  region size 1024K, 1 young (1024K), 1 survivors (1024K)
 Metaspace       used 8311K, capacity 11166K, committed 11264K, reserved 1058816K
  class space    used 966K, capacity 1230K, committed 1280K, reserved 1048576K
}
Event: 0.569 GC heap before
{Heap before GC invocations=8 (full 0):
 garbage-first heap   total 10240K, used 5848K [0x00000000c2000000, 0x0000000100000000)
  region size 1024K, 3 young (3072K), 1 survivors (1024K)
 Metaspace       used 8339K, capacity 11166K, committed 11264K, reserved 1058816K
  class space    used 966K, capacity 1230K, committed 1280K, reserved 1048576K
}
Event: 0.571 GC heap after
{Heap after GC invocations=9 (full 0):
 garbage-first heap   total 14336K, used 4138K [0x00000000c2000000, 0x0000000100000000)
  region size 1024K, 1 young (1024K), 1 survivors (1024K)
 Metaspace       used 8339K, capacity 11166K, committed 11264K, reserved 1058816K
  class space    used 966K, capacity 1230K, committed 1280K, reserved 1048576K
}
Event: 0.591 GC heap before
{Heap before GC invocations=9 (full 0):
 garbage-first heap   total 14336K, used 7210K [0x00000000c2000000, 0x0000000100000000)
  region size 1024K, 4 young (4096K), 1 survivors (1024K)
 Metaspace       used 8363K, capacity 11166K, committed 11264K, reserved 1058816K
  class space    used 966K, capacity 1230K, committed 1280K, reserved 1048576K
}
Event: 0.594 GC heap after
{Heap after GC invocations=10 (full 0):
 garbage-first heap   total 14336K, used 4433K [0x00000000c2000000, 0x0000000100000000)
  region size 1024K, 1 young (1024K), 1 survivors (1024K)
 Metaspace       used 8363K, capacity 11166K, committed 11264K, reserved 1058816K
  class space    used 966K, capacity 1230K, committed 1280K, reserved 1048576K
}
Event: 0.648 GC heap before
{Heap before GC invocations=10 (full 0):
 garbage-first heap   total 14336K, used 8529K [0x00000000c2000000, 0x0000000100000000)
  region size 1024K, 5 young (5120K), 1 survivors (1024K)
 Metaspace       used 8363K, capacity 11166K, committed 11264K, reserved 1058816K
  class space    used 966K, capacity 1230K, committed 1280K, reserved 1048576K
}
Event: 0.651 GC heap after
{Heap after GC invocations=11 (full 0):
 garbage-first heap   total 14336K, used 4959K [0x00000000c2000000, 0x0000000100000000)
  region size 1024K, 1 young (1024K), 1 survivors (1024K)
 Metaspace       used 8363K, capacity 11166K, committed 11264K, reserved 1058816K
  class space    used 966K, capacity 1230K, committed 1280K, reserved 1048576K
}
Event: 0.664 GC heap before
{Heap before GC invocations=11 (full 0):
 garbage-first heap   total 14336K, used 9055K [0x00000000c2000000, 0x0000000100000000)
  region size 1024K, 5 young (5120K), 1 survivors (1024K)
 Metaspace       used 8368K, capacity 11166K, committed 11264K, reserved 1058816K
  class space    used 966K, capacity 1230K, committed 1280K, reserved 1048576K
}
Event: 0.668 GC heap after
{Heap after GC invocations=12 (full 0):
 garbage-first heap   total 14336K, used 5431K [0x00000000c2000000, 0x0000000100000000)
  region size 1024K, 1 young (1024K), 1 survivors (1024K)
 Metaspace       used 8368K, capacity 11166K, committed 11264K, reserved 1058816K
  class space    used 966K, capacity 1230K, committed 1280K, reserved 1048576K
}
Event: 0.746 GC heap before
{Heap before GC invocations=12 (full 0):
 garbage-first heap   total 14336K, used 8503K [0x00000000c2000000, 0x0000000100000000)
  region size 1024K, 4 young (4096K), 1 survivors (1024K)
 Metaspace       used 8612K, capacity 11399K, committed 11520K, reserved 1058816K
  class space    used 993K, capacity 1265K, committed 1280K, reserved 1048576K
}
Event: 0.750 GC heap after
{Heap after GC invocations=13 (full 0):
 garbage-first heap   total 23552K, used 6303K [0x00000000c2000000, 0x0000000100000000)
  region size 1024K, 1 young (1024K), 1 survivors (1024K)
 Metaspace       used 8612K, capacity 11399K, committed 11520K, reserved 1058816K
  class space    used 993K, capacity 1265K, committed 1280K, reserved 1048576K
}

